# JRE version: Java(TM) SE Runtime Environment (7.0_51-b13) (build 1.7.0_51-b13)
# Java VM: Java HotSpot(TM) Client VM (24.51-b03 mixed mode, sharing windows-x86 )
Heap
 def new generation   total 7104K, used 4559K [0x22b00000, 0x232b0000, 0x28050000)
  eden space 6336K,  66% used [0x22b00000, 0x22f206e8, 0x23130000)
  from space 768K,  43% used [0x231f0000, 0x232436b0, 0x232b0000)
  to   space 768K,   0% used [0x23130000, 0x23130000, 0x231f0000)
 tenured generation   total 15672K, used 9748K [0x28050000, 0x28f9e000, 0x32b00000)
   the space 15672K,  62% used [0x28050000, 0x289d52b0, 0x289d5400, 0x28f9e000)
 compacting perm gen  total 12288K, used 4939K [0x32b00000, 0x33700000, 0x36b00000)
   the space 12288K,  40% used [0x32b00000, 0x32fd2d88, 0x32fd2e00, 0x33700000)
    ro space 10240K,  41% used [0x36b00000, 0x36f32050, 0x36f32200, 0x37500000)
    rw space 12288K,  52% used [0x37500000, 0x37b46800, 0x37b46800, 0x38100000)
GC Heap History (10 events):
Event: 2.774 GC heap before
{Heap before GC invocations=73 (full 1):
 def new generation   total 7104K, used 6656K [0x22b00000, 0x232b0000, 0x28050000)
  eden space 6336K,  99% used [0x22b00000, 0x2312e8f8, 0x23130000)
  from space 768K,  42% used [0x23130000, 0x23181948, 0x231f0000)
  to   space 768K,   0% used [0x231f0000, 0x231f0000, 0x232b0000)
 tenured generation   total 15672K, used 9748K [0x28050000, 0x28f9e000, 0x32b00000)
   the space 15672K,  62% used [0x28050000, 0x289d52b0, 0x289d5400, 0x28f9e000)
 compacting perm gen  total 12288K, used 4735K [0x32b00000, 0x33700000, 0x36b00000)
   the space 12288K,  38% used [0x32b00000, 0x32f9fd40, 0x32f9fe00, 0x33700000)
    ro space 10240K,  41% used [0x36b00000, 0x36f32050, 0x36f32200, 0x37500000)
    rw space 12288K,  52% used [0x37500000, 0x37b46800, 0x37b46800, 0x38100000)
Event: 2.774 GC heap after
Heap after GC invocations=74 (full 1):
 def new generation   total 7104K, used 327K [0x22b00000, 0x232b0000, 0x28050000)
  eden space 6336K,   0% used [0x22b00000, 0x22b00000, 0x23130000)
  from space 768K,  42% used [0x231f0000, 0x23241fe8, 0x232b0000)
  to   space 768K,   0% used [0x23130000, 0x23130000, 0x231f0000)
 tenured generation   total 15672K, used 9748K [0x28050000, 0x28f9e000, 0x32b00000)
   the space 15672K,  62% used [0x28050000, 0x289d52b0, 0x289d5400, 0x28f9e000)
 compacting perm gen  total 12288K, used 4735K [0x32b00000, 0x33700000, 0x36b00000)
   the space 12288K,  38% used [0x32b00000, 0x32f9fd40, 0x32f9fe00, 0x33700000)
    ro space 10240K,  41% used [0x36b00000, 0x36f32050, 0x36f32200, 0x37500000)
    rw space 12288K,  52% used [0x37500000, 0x37b46800, 0x37b46800, 0x38100000)
}
Event: 2.777 GC heap before
{Heap before GC invocations=74 (full 1):
 def new generation   total 7104K, used 6656K [0x22b00000, 0x232b0000, 0x28050000)
  eden space 6336K,  99% used [0x22b00000, 0x2312e3f0, 0x23130000)
  from space 768K,  42% used [0x231f0000, 0x23241fe8, 0x232b0000)
  to   space 768K,   0% used [0x23130000, 0x23130000, 0x231f0000)
 tenured generation   total 15672K, used 9748K [0x28050000, 0x28f9e000, 0x32b00000)
   the space 15672K,  62% used [0x28050000, 0x289d52b0, 0x289d5400, 0x28f9e000)
 compacting perm gen  total 12288K, used 4735K [0x32b00000, 0x33700000, 0x36b00000)
   the space 12288K,  38% used [0x32b00000, 0x32f9fd40, 0x32f9fe00, 0x33700000)
    ro space 10240K,  41% used [0x36b00000, 0x36f32050, 0x36f32200, 0x37500000)
    rw space 12288K,  52% used [0x37500000, 0x37b46800, 0x37b46800, 0x38100000)
Event: 2.777 GC heap after
Heap after GC invocations=75 (full 1):
 def new generation   total 7104K, used 329K [0x22b00000, 0x232b0000, 0x28050000)
  eden space 6336K,   0% used [0x22b00000, 0x22b00000, 0x23130000)
  from space 768K,  42% used [0x23130000, 0x23182618, 0x231f0000)
  to   space 768K,   0% used [0x231f0000, 0x231f0000, 0x232b0000)
 tenured generation   total 15672K, used 9748K [0x28050000, 0x28f9e000, 0x32b00000)
   the space 15672K,  62% used [0x28050000, 0x289d52b0, 0x289d5400, 0x28f9e000)
 compacting perm gen  total 12288K, used 4735K [0x32b00000, 0x33700000, 0x36b00000)
   the space 12288K,  38% used [0x32b00000, 0x32f9fd40, 0x32f9fe00, 0x33700000)
    ro space 10240K,  41% used [0x36b00000, 0x36f32050, 0x36f32200, 0x37500000)
    rw space 12288K,  52% used [0x37500000, 0x37b46800, 0x37b46800, 0x38100000)
}
Event: 2.780 GC heap before
{Heap before GC invocations=75 (full 1):
 def new generation   total 7104K, used 6643K [0x22b00000, 0x232b0000, 0x28050000)
  eden space 6336K,  99% used [0x22b00000, 0x2312a810, 0x23130000)
  from space 768K,  42% used [0x23130000, 0x23182618, 0x231f0000)
  to   space 768K,   0% used [0x231f0000, 0x231f0000, 0x232b0000)
 tenured generation   total 15672K, used 9748K [0x28050000, 0x28f9e000, 0x32b00000)
   the space 15672K,  62% used [0x28050000, 0x289d52b0, 0x289d5400, 0x28f9e000)
 compacting perm gen  total 12288K, used 4735K [0x32b00000, 0x33700000, 0x36b00000)
   the space 12288K,  38% used [0x32b00000, 0x32f9fd40, 0x32f9fe00, 0x33700000)
    ro space 10240K,  41% used [0x36b00000, 0x36f32050, 0x36f32200, 0x37500000)
    rw space 12288K,  52% used [0x37500000, 0x37b46800, 0x37b46800, 0x38100000)
Event: 2.780 GC heap after
Heap after GC invocations=76 (full 1):
 def new generation   total 7104K, used 330K [0x22b00000, 0x232b0000, 0x28050000)
  eden space 6336K,   0% used [0x22b00000, 0x22b00000, 0x23130000)
  from space 768K,  43% used [0x231f0000, 0x23242be8, 0x232b0000)
  to   space 768K,   0% used [0x23130000, 0x23130000, 0x231f0000)
 tenured generation   total 15672K, used 9748K [0x28050000, 0x28f9e000, 0x32b00000)
   the space 15672K,  62% used [0x28050000, 0x289d52b0, 0x289d5400, 0x28f9e000)
 compacting perm gen  total 12288K, used 4735K [0x32b00000, 0x33700000, 0x36b00000)
   the space 12288K,  38% used [0x32b00000, 0x32f9fd40, 0x32f9fe00, 0x33700000)
    ro space 10240K,  41% used [0x36b00000, 0x36f32050, 0x36f32200, 0x37500000)
    rw space 12288K,  52% used [0x37500000, 0x37b46800, 0x37b46800, 0x38100000)
}
Event: 2.782 GC heap before
{Heap before GC invocations=76 (full 1):
 def new generation   total 7104K, used 6646K [0x22b00000, 0x232b0000, 0x28050000)
  eden space 6336K,  99% used [0x22b00000, 0x2312af90, 0x23130000)
  from space 768K,  43% used [0x231f0000, 0x23242be8, 0x232b0000)
  to   space 768K,   0% used [0x23130000, 0x23130000, 0x231f0000)
 tenured generation   total 15672K, used 9748K [0x28050000, 0x28f9e000, 0x32b00000)
   the space 15672K,  62% used [0x28050000, 0x289d52b0, 0x289d5400, 0x28f9e000)
 compacting perm gen  total 12288K, used 4735K [0x32b00000, 0x33700000, 0x36b00000)
   the space 12288K,  38% used [0x32b00000, 0x32f9fd40, 0x32f9fe00, 0x33700000)
    ro space 10240K,  41% used [0x36b00000, 0x36f32050, 0x36f32200, 0x37500000)
    rw space 12288K,  52% used [0x37500000, 0x37b46800, 0x37b46800, 0x38100000)
Event: 2.783 GC heap after
Heap after GC invocations=77 (full 1):
 def new generation   total 7104K, used 332K [0x22b00000, 0x232b0000, 0x28050000)
  eden space 6336K,   0% used [0x22b00000, 0x22b00000, 0x23130000)
  from space 768K,  43% used [0x23130000, 0x23183170, 0x231f0000)
  to   space 768K,   0% used [0x231f0000, 0x231f0000, 0x232b0000)
 tenured generation   total 15672K, used 9748K [0x28050000, 0x28f9e000, 0x32b00000)
   the space 15672K,  62% used [0x28050000, 0x289d52b0, 0x289d5400, 0x28f9e000)
 compacting perm gen  total 12288K, used 4735K [0x32b00000, 0x33700000, 0x36b00000)
   the space 12288K,  38% used [0x32b00000, 0x32f9fd40, 0x32f9fe00, 0x33700000)
    ro space 10240K,  41% used [0x36b00000, 0x36f32050, 0x36f32200, 0x37500000)
    rw space 12288K,  52% used [0x37500000, 0x37b46800, 0x37b46800, 0x38100000)
}
Event: 2.785 GC heap before
{Heap before GC invocations=77 (full 1):
 def new generation   total 7104K, used 6654K [0x22b00000, 0x232b0000, 0x28050000)
  eden space 6336K,  99% used [0x22b00000, 0x2312c700, 0x23130000)
  from space 768K,  43% used [0x23130000, 0x23183170, 0x231f0000)
  to   space 768K,   0% used [0x231f0000, 0x231f0000, 0x232b0000)
 tenured generation   total 15672K, used 9748K [0x28050000, 0x28f9e000, 0x32b00000)
   the space 15672K,  62% used [0x28050000, 0x289d52b0, 0x289d5400, 0x28f9e000)
 compacting perm gen  total 12288K, used 4735K [0x32b00000, 0x33700000, 0x36b00000)
   the space 12288K,  38% used [0x32b00000, 0x32f9fd40, 0x32f9fe00, 0x33700000)
    ro space 10240K,  41% used [0x36b00000, 0x36f32050, 0x36f32200, 0x37500000)
    rw space 12288K,  52% used [0x37500000, 0x37b46800, 0x37b46800, 0x38100000)
Event: 2.786 GC heap after
Heap after GC invocations=78 (full 1):
 def new generation   total 7104K, used 333K [0x22b00000, 0x232b0000, 0x28050000)
  eden space 6336K,   0% used [0x22b00000, 0x22b00000, 0x23130000)
  from space 768K,  43% used [0x231f0000, 0x232436b0, 0x232b0000)
  to   space 768K,   0% used [0x23130000, 0x23130000, 0x231f0000)
 tenured generation   total 15672K, used 9748K [0x28050000, 0x28f9e000, 0x32b00000)
   the space 15672K,  62% used [0x28050000, 0x289d52b0, 0x289d5400, 0x28f9e000)
 compacting perm gen  total 12288K, used 4735K [0x32b00000, 0x33700000, 0x36b00000)
   the space 12288K,  38% used [0x32b00000, 0x32f9fd40, 0x32f9fe00, 0x33700000)
    ro space 10240K,  41% used [0x36b00000, 0x36f32050, 0x36f32200, 0x37500000)
    rw space 12288K,  52% used [0x37500000, 0x37b46800, 0x37b46800, 0x38100000)
}

