# JRE version: Java(TM) SE Runtime Environment (7.0_51-b13) (build 1.7.0_51-b13)
# Java VM: Java HotSpot(TM) Client VM (24.51-b03 mixed mode, sharing windows-x86 )
Heap
 def new generation   total 7168K, used 5313K [0x22b00000, 0x232c0000, 0x28050000)
  eden space 6400K,  82% used [0x22b00000, 0x2302bdb8, 0x23140000)
  from space 768K,   2% used [0x23200000, 0x232047f0, 0x232c0000)
  to   space 768K,   0% used [0x23140000, 0x23140000, 0x23200000)
 tenured generation   total 15816K, used 9532K [0x28050000, 0x28fc2000, 0x32b00000)
   the space 15816K,  60% used [0x28050000, 0x2899f290, 0x2899f400, 0x28fc2000)
 compacting perm gen  total 12288K, used 4460K [0x32b00000, 0x33700000, 0x36b00000)
   the space 12288K,  36% used [0x32b00000, 0x32f5b308, 0x32f5b400, 0x33700000)
    ro space 10240K,  41% used [0x36b00000, 0x36f32050, 0x36f32200, 0x37500000)
    rw space 12288K,  52% used [0x37500000, 0x37b46800, 0x37b46800, 0x38100000)
GC Heap History (10 events):
Event: 2.562 GC heap before
{Heap before GC invocations=80 (full 1):
 def new generation   total 7168K, used 6706K [0x22b00000, 0x232c0000, 0x28050000)
  eden space 6400K,  99% used [0x22b00000, 0x2313a9f0, 0x23140000)
  from space 768K,  42% used [0x23140000, 0x23192028, 0x23200000)
  to   space 768K,   0% used [0x23200000, 0x23200000, 0x232c0000)
 tenured generation   total 15816K, used 9532K [0x28050000, 0x28fc2000, 0x32b00000)
   the space 15816K,  60% used [0x28050000, 0x2899f290, 0x2899f400, 0x28fc2000)
 compacting perm gen  total 12288K, used 4366K [0x32b00000, 0x33700000, 0x36b00000)
   the space 12288K,  35% used [0x32b00000, 0x32f43950, 0x32f43a00, 0x33700000)
    ro space 10240K,  41% used [0x36b00000, 0x36f32050, 0x36f32200, 0x37500000)
    rw space 12288K,  52% used [0x37500000, 0x37b46800, 0x37b46800, 0x38100000)
Event: 2.562 GC heap after
Heap after GC invocations=81 (full 1):
 def new generation   total 7168K, used 329K [0x22b00000, 0x232c0000, 0x28050000)
  eden space 6400K,   0% used [0x22b00000, 0x22b00000, 0x23140000)
  from space 768K,  42% used [0x23200000, 0x23252658, 0x232c0000)
  to   space 768K,   0% used [0x23140000, 0x23140000, 0x23200000)
 tenured generation   total 15816K, used 9532K [0x28050000, 0x28fc2000, 0x32b00000)
   the space 15816K,  60% used [0x28050000, 0x2899f290, 0x2899f400, 0x28fc2000)
 compacting perm gen  total 12288K, used 4366K [0x32b00000, 0x33700000, 0x36b00000)
   the space 12288K,  35% used [0x32b00000, 0x32f43950, 0x32f43a00, 0x33700000)
    ro space 10240K,  41% used [0x36b00000, 0x36f32050, 0x36f32200, 0x37500000)
    rw space 12288K,  52% used [0x37500000, 0x37b46800, 0x37b46800, 0x38100000)
}
Event: 2.565 GC heap before
{Heap before GC invocations=81 (full 1):
 def new generation   total 7168K, used 6716K [0x22b00000, 0x232c0000, 0x28050000)
  eden space 6400K,  99% used [0x22b00000, 0x2313cb78, 0x23140000)
  from space 768K,  42% used [0x23200000, 0x23252658, 0x232c0000)
  to   space 768K,   0% used [0x23140000, 0x23140000, 0x23200000)
 tenured generation   total 15816K, used 9532K [0x28050000, 0x28fc2000, 0x32b00000)
   the space 15816K,  60% used [0x28050000, 0x2899f290, 0x2899f400, 0x28fc2000)
 compacting perm gen  total 12288K, used 4366K [0x32b00000, 0x33700000, 0x36b00000)
   the space 12288K,  35% used [0x32b00000, 0x32f43950, 0x32f43a00, 0x33700000)
    ro space 10240K,  41% used [0x36b00000, 0x36f32050, 0x36f32200, 0x37500000)
    rw space 12288K,  52% used [0x37500000, 0x37b46800, 0x37b46800, 0x38100000)
Event: 2.565 GC heap after
Heap after GC invocations=82 (full 1):
 def new generation   total 7168K, used 331K [0x22b00000, 0x232c0000, 0x28050000)
  eden space 6400K,   0% used [0x22b00000, 0x22b00000, 0x23140000)
  from space 768K,  43% used [0x23140000, 0x23192c30, 0x23200000)
  to   space 768K,   0% used [0x23200000, 0x23200000, 0x232c0000)
 tenured generation   total 15816K, used 9532K [0x28050000, 0x28fc2000, 0x32b00000)
   the space 15816K,  60% used [0x28050000, 0x2899f290, 0x2899f400, 0x28fc2000)
 compacting perm gen  total 12288K, used 4366K [0x32b00000, 0x33700000, 0x36b00000)
   the space 12288K,  35% used [0x32b00000, 0x32f43950, 0x32f43a00, 0x33700000)
    ro space 10240K,  41% used [0x36b00000, 0x36f32050, 0x36f32200, 0x37500000)
    rw space 12288K,  52% used [0x37500000, 0x37b46800, 0x37b46800, 0x38100000)
}
Event: 2.568 GC heap before
{Heap before GC invocations=82 (full 1):
 def new generation   total 7168K, used 6720K [0x22b00000, 0x232c0000, 0x28050000)
  eden space 6400K,  99% used [0x22b00000, 0x2313d440, 0x23140000)
  from space 768K,  43% used [0x23140000, 0x23192c30, 0x23200000)
  to   space 768K,   0% used [0x23200000, 0x23200000, 0x232c0000)
 tenured generation   total 15816K, used 9532K [0x28050000, 0x28fc2000, 0x32b00000)
   the space 15816K,  60% used [0x28050000, 0x2899f290, 0x2899f400, 0x28fc2000)
 compacting perm gen  total 12288K, used 4366K [0x32b00000, 0x33700000, 0x36b00000)
   the space 12288K,  35% used [0x32b00000, 0x32f43950, 0x32f43a00, 0x33700000)
    ro space 10240K,  41% used [0x36b00000, 0x36f32050, 0x36f32200, 0x37500000)
    rw space 12288K,  52% used [0x37500000, 0x37b46800, 0x37b46800, 0x38100000)
Event: 2.568 GC heap after
Heap after GC invocations=83 (full 1):
 def new generation   total 7168K, used 332K [0x22b00000, 0x232c0000, 0x28050000)
  eden space 6400K,   0% used [0x22b00000, 0x22b00000, 0x23140000)
  from space 768K,  43% used [0x23200000, 0x232531b8, 0x232c0000)
  to   space 768K,   0% used [0x23140000, 0x23140000, 0x23200000)
 tenured generation   total 15816K, used 9532K [0x28050000, 0x28fc2000, 0x32b00000)
   the space 15816K,  60% used [0x28050000, 0x2899f290, 0x2899f400, 0x28fc2000)
 compacting perm gen  total 12288K, used 4366K [0x32b00000, 0x33700000, 0x36b00000)
   the space 12288K,  35% used [0x32b00000, 0x32f43950, 0x32f43a00, 0x33700000)
    ro space 10240K,  41% used [0x36b00000, 0x36f32050, 0x36f32200, 0x37500000)
    rw space 12288K,  52% used [0x37500000, 0x37b46800, 0x37b46800, 0x38100000)
}
Event: 2.571 GC heap before
{Heap before GC invocations=83 (full 1):
 def new generation   total 7168K, used 6727K [0x22b00000, 0x232c0000, 0x28050000)
  eden space 6400K,  99% used [0x22b00000, 0x2313edb8, 0x23140000)
  from space 768K,  43% used [0x23200000, 0x232531b8, 0x232c0000)
  to   space 768K,   0% used [0x23140000, 0x23140000, 0x23200000)
 tenured generation   total 15816K, used 9532K [0x28050000, 0x28fc2000, 0x32b00000)
   the space 15816K,  60% used [0x28050000, 0x2899f290, 0x2899f400, 0x28fc2000)
 compacting perm gen  total 12288K, used 4366K [0x32b00000, 0x33700000, 0x36b00000)
   the space 12288K,  35% used [0x32b00000, 0x32f43950, 0x32f43a00, 0x33700000)
    ro space 10240K,  41% used [0x36b00000, 0x36f32050, 0x36f32200, 0x37500000)
    rw space 12288K,  52% used [0x37500000, 0x37b46800, 0x37b46800, 0x38100000)
Event: 2.571 GC heap after
Heap after GC invocations=84 (full 1):
 def new generation   total 7168K, used 333K [0x22b00000, 0x232c0000, 0x28050000)
  eden space 6400K,   0% used [0x22b00000, 0x22b00000, 0x23140000)
  from space 768K,  43% used [0x23140000, 0x23193700, 0x23200000)
  to   space 768K,   0% used [0x23200000, 0x23200000, 0x232c0000)
 tenured generation   total 15816K, used 9532K [0x28050000, 0x28fc2000, 0x32b00000)
   the space 15816K,  60% used [0x28050000, 0x2899f290, 0x2899f400, 0x28fc2000)
 compacting perm gen  total 12288K, used 4366K [0x32b00000, 0x33700000, 0x36b00000)
   the space 12288K,  35% used [0x32b00000, 0x32f43950, 0x32f43a00, 0x33700000)
    ro space 10240K,  41% used [0x36b00000, 0x36f32050, 0x36f32200, 0x37500000)
    rw space 12288K,  52% used [0x37500000, 0x37b46800, 0x37b46800, 0x38100000)
}
Event: 4.758 GC heap before
{Heap before GC invocations=84 (full 1):
 def new generation   total 7168K, used 6497K [0x22b00000, 0x232c0000, 0x28050000)
  eden space 6400K,  96% used [0x22b00000, 0x23104db0, 0x23140000)
  from space 768K,  43% used [0x23140000, 0x23193700, 0x23200000)
  to   space 768K,   0% used [0x23200000, 0x23200000, 0x232c0000)
 tenured generation   total 15816K, used 9532K [0x28050000, 0x28fc2000, 0x32b00000)
   the space 15816K,  60% used [0x28050000, 0x2899f290, 0x2899f400, 0x28fc2000)
 compacting perm gen  total 12288K, used 4370K [0x32b00000, 0x33700000, 0x36b00000)
   the space 12288K,  35% used [0x32b00000, 0x32f44980, 0x32f44a00, 0x33700000)
    ro space 10240K,  41% used [0x36b00000, 0x36f32050, 0x36f32200, 0x37500000)
    rw space 12288K,  52% used [0x37500000, 0x37b46800, 0x37b46800, 0x38100000)
Event: 4.758 GC heap after
Heap after GC invocations=85 (full 1):
 def new generation   total 7168K, used 17K [0x22b00000, 0x232c0000, 0x28050000)
  eden space 6400K,   0% used [0x22b00000, 0x22b00000, 0x23140000)
  from space 768K,   2% used [0x23200000, 0x232047f0, 0x232c0000)
  to   space 768K,   0% used [0x23140000, 0x23140000, 0x23200000)
 tenured generation   total 15816K, used 9532K [0x28050000, 0x28fc2000, 0x32b00000)
   the space 15816K,  60% used [0x28050000, 0x2899f290, 0x2899f400, 0x28fc2000)
 compacting perm gen  total 12288K, used 4370K [0x32b00000, 0x33700000, 0x36b00000)
   the space 12288K,  35% used [0x32b00000, 0x32f44980, 0x32f44a00, 0x33700000)
    ro space 10240K,  41% used [0x36b00000, 0x36f32050, 0x36f32200, 0x37500000)
    rw space 12288K,  52% used [0x37500000, 0x37b46800, 0x37b46800, 0x38100000)
}

